C51 COMPILER V6.02  MAIN                                                                   12/08/2019 18:42:41 PAGE 1   


C51 COMPILER V6.02, COMPILATION OF MODULE MAIN
OBJECT MODULE PLACED IN .\main.OBJ
COMPILER INVOKED BY: C:\Keil\C51\BIN\C51.EXE .\main.c DEBUG OBJECTEXTEND

stmt level    source

   1          #include <stdio.h>
   2          #include "AT89C51RC2.h"
   3          #include "main.h"
   4          #include "PORT.H"
   5          #include "SPI.h"
   6          #include "SDCard.h"
   7          #include "File_System.h"
   8          #include "Read_Sector.h" 
   9          #include "UART.h"      
  10          #include "Play_Song.h"
  11          #include "Outputs.h"
  12          #include "LED_Outputs.h"
  13          
  14          
  15          void main()
  16          {
  17   1        uint8_t xdata array_read[512];
  18   1      
  19   1       if(OSC_PER_INST==6)
  20   1         {
  21   2             CKCON0=0x01;  // set X2 clock mode
  22   2         }
  23   1         else if(OSC_PER_INST==12)
  24   1         {
  25   2             CKCON0=0x00;  // set standard clock mode
  26   2         }
  27   1       
  28   1              uart_init();
  29   1      		SPI_Master_Init(400000);  //400kHz
  30   1      		SD_card_init();
  31   1      		SPI_Master_Init(25000000);	//25MHz
  32   1      		Mount_Drive(array_read);
  33   1              Play_Song(145600);  // play MAIDWI.mp3 start sector # 145600
  34   1      }
  35                          


MODULE INFORMATION:   STATIC OVERLAYABLE
   CODE SIZE        =     49    ----
   CONSTANT SIZE    =   ----    ----
   XDATA SIZE       =   ----     512
   PDATA SIZE       =   ----    ----
   DATA SIZE        =   ----    ----
   IDATA SIZE       =   ----    ----
   BIT SIZE         =   ----    ----
END OF MODULE INFORMATION.


C51 COMPILATION COMPLETE.  0 WARNING(S),  0 ERROR(S)
