C51 COMPILER V6.02  READ_SECTOR                                                            12/08/2019 18:42:39 PAGE 1   


C51 COMPILER V6.02, COMPILATION OF MODULE READ_SECTOR
OBJECT MODULE PLACED IN .\read_sector.OBJ
COMPILER INVOKED BY: C:\Keil\C51\BIN\C51.EXE .\read_sector.c DEBUG OBJECTEXTEND

stmt level    source

   1          #include "main.h"
   2          #include "read_sector.h"
   3          #include "Directory_Functions.h"
   4          #include "PORT.h"
   5          
   6          
   7          
   8          uint8_t Read_Sector(uint32_t sector_number, uint16_t sector_size, uint8_t * array_for_data)
   9          {
  10   1      	uint8_t SDtype,error_flag = No_Disk_Error;
  11   1      	SDtype = Return_SD_Card_Type(); // HC=0, no change to sector number
  12   1      // SC=9, multiplies sector number by 512 to convert to byte addr.
  13   1      	nCS0=0;
  14   1      	error_flag = SEND_COMMAND(17,(sector_number<<SDtype));
  15   1      	if(error_flag == no_errors)
  16   1      		error_flag = read_block(sector_size,array_for_data);
  17   1      	//print_memory(array_for_data, 512);
  18   1      	nCS0=1;
  19   1      	if(error_flag != no_errors)
  20   1      	{
  21   2      		error_flag=Disk_Error;
  22   2      	}
  23   1      	return error_flag;
  24   1      }


MODULE INFORMATION:   STATIC OVERLAYABLE
   CODE SIZE        =     77    ----
   CONSTANT SIZE    =   ----    ----
   XDATA SIZE       =   ----    ----
   PDATA SIZE       =   ----    ----
   DATA SIZE        =   ----      10
   IDATA SIZE       =   ----    ----
   BIT SIZE         =   ----    ----
END OF MODULE INFORMATION.


C51 COMPILATION COMPLETE.  0 WARNING(S),  0 ERROR(S)
