C51 COMPILER V6.02  UART                                                                   12/08/2019 18:42:41 PAGE 1   


C51 COMPILER V6.02, COMPILATION OF MODULE UART
OBJECT MODULE PLACED IN .\UART.OBJ
COMPILER INVOKED BY: C:\Keil\C51\BIN\C51.EXE .\UART.c DEBUG OBJECTEXTEND

stmt level    source

   1          #include <stdio.h>
   2          #include "main.h"
   3          #include "UART.h"
   4          
   5          
   6          /***********************************************************************
   7          DESC:    Initializes UART for mode 1
   8                   Baudrate: 9600
   9          INPUT: Nothing
  10          RETURNS: Nothing
  11          CAUTION: Uses Baudrate Generator instead of a standard timer
  12          ************************************************************************/
  13          void uart_init(void)
  14          {
  15   1        
  16   1        // configure UART
  17   1        // set or clear SMOD0
  18   1        PCON |= (SMOD1 << 7);
  19   1        PCON &= ~((~(SMOD1) <<7) | 0x40);
  20   1        SCON = UART_MODE1|RECEIVE_ENABLE;
  21   1      
  22   1        // Initialize Baud Rate Generator
  23   1        BDRCON=0;   //Stops and disables Baud Rate Gen.
  24   1        BRL= BAUD_RATE_RELOAD;
  25   1        BDRCON= (0x1C | (SPD << 1));  // Enables Baud Rate Gen. for RxD and TxD
  26   1      
  27   1        // initially not busy
  28   1      
  29   1        TI=1;
  30   1      
  31   1        // serial interrupt is disabled
  32   1        ES=0;
  33   1      
  34   1      
  35   1      } // uart_init
  36          
  37          
  38          /***********************************************************************
  39          DESC:    Sends one character through the UART
  40          INPUT:   Character to send
  41          RETURNS: Character sent or error flag
  42          CAUTION: TI must be set during the initialization
  43          ************************************************************************/
  44          
  45          uint8_t UART_Transmit(uint8_t send_value)
  46          {
  47   1         uint8_t return_value;
  48   1         uint16_t timeout;
  49   1         timeout=0;
  50   1         do
  51   1         {
  52   2           timeout++;
  53   2         }while((TI==0)&&(timeout!=0));
  54   1         if(timeout!=0)
  55   1         {
C51 COMPILER V6.02  UART                                                                   12/08/2019 18:42:41 PAGE 2   

  56   2           SBUF=send_value;
  57   2           return_value=send_value;
  58   2           TI=0;
  59   2         }
  60   1         else
  61   1         {
  62   2           return_value=UART_timeout;
  63   2         }
  64   1         return return_value;
  65   1      }
  66             
  67          
  68          
  69          
  70          
  71          
  72          /***********************************************************************
  73          DESC:    Waits for a value to be received through the UART and returns 
  74                   the value.
  75          INPUT: Nothing
  76          RETURNS: Received value
  77          CAUTION: Will stop program execution until a character is received
  78          ************************************************************************/
  79          
  80          uint8_t UART_Receive(void)
  81          {
  82   1          uint8_t return_value;
  83   1          while(RI==0);
  84   1          return_value=SBUF;
  85   1          RI=0;
  86   1          return return_value;
  87   1      }
  88          
  89          
  90          
  91          
  92          


MODULE INFORMATION:   STATIC OVERLAYABLE
   CODE SIZE        =     60    ----
   CONSTANT SIZE    =   ----    ----
   XDATA SIZE       =   ----    ----
   PDATA SIZE       =   ----    ----
   DATA SIZE        =   ----    ----
   IDATA SIZE       =   ----    ----
   BIT SIZE         =   ----    ----
END OF MODULE INFORMATION.


C51 COMPILATION COMPLETE.  0 WARNING(S),  0 ERROR(S)
